<?xml version="1.0" encoding="UTF-8"?>
<testsuite xmlns:xsi="http://www.w3.org/2001/XMLSchema-instance" xsi:noNamespaceSchemaLocation="https://maven.apache.org/surefire/maven-surefire-plugin/xsd/surefire-test-report.xsd" name="com.github.jianqibot.wxshop.service.GoodsServiceTest" time="0.595" tests="9" errors="0" skipped="0" failures="0">
  <properties>
[...]
</properties>
  <testcase name="deleteGoodsFailIfUserIsNotShopOwner" classname="com.github.jianqibot.wxshop.service.GoodsServiceTest" time="0.55"/>
  <testcase name="insertGoodsSucceedIfUserIsShopOwner" classname="com.github.jianqibot.wxshop.service.GoodsServiceTest" time="0.007"/>
  <testcase name="updateGoodsSucceed" classname="com.github.jianqibot.wxshop.service.GoodsServiceTest" time="0.005"/>
  <testcase name="updateGoodsThrowNotFoundExceptionWhenItemNotFound" classname="com.github.jianqibot.wxshop.service.GoodsServiceTest" time="0.004"/>
  <testcase name="getGoodsSucceedIfPageNumLessThanTotalPage" classname="com.github.jianqibot.wxshop.service.GoodsServiceTest" time="0.006"/>
  <testcase name="getGoodsFailIfPageNumGreaterThanTotalPage" classname="com.github.jianqibot.wxshop.service.GoodsServiceTest" time="0.004"/>
  <testcase name="insertGoodsFailIfUserIsNotShopOwner" classname="com.github.jianqibot.wxshop.service.GoodsServiceTest" time="0.004"/>
  <testcase name="updateGoodsThrowNotAuthorizedExceptionWhenInvalidOwnership" classname="com.github.jianqibot.wxshop.service.GoodsServiceTest" time="0.004"/>
  <testcase name="deleteGoodsSucceedIfUserIsShopOwner" classname="com.github.jianqibot.wxshop.service.GoodsServiceTest" time="0.006"/>
</testsuite>